[Gateway request: time - 14.06.2016 10:20:00.742; type - ServiceInfo]
<?xml version="1.0" encoding="windows-1251" standalone="yes"?>
<BS_Request>
    <Version>2070</Version>
    <RequestType>ServiceInfo</RequestType>
    <ClientId IdType="MS">417770------1118</ClientId>
    <AuthClientId IdType="MS">417770------1118</AuthClientId>
    <TerminalTime>20160614102000</TerminalTime>
    <TerminalId>99749999</TerminalId>
    <TerminalCapabilities>
        <AnyAmount>Y</AnyAmount>
        <ScreenWidth>99</ScreenWidth>
        <CheckWidth DoubleHeightSymbol="Y" DoubleWidthSymbol="Y" InverseSymbol="Y">60</CheckWidth>
    </TerminalCapabilities>
    <ServiceInfo>
        <ServiceId>203</ServiceId>
    </ServiceInfo>
</BS_Request>

[Gateway response returned with ERROR!]
<?xml version="1.0" encoding="windows-1251" ?><BS_Response><Error Count="1">  <ErrorLine Idx="1">Оплата услуги запрещена</ErrorLine></Error></BS_Response>

